0 info it worked if it ends with ok
1 verbose cli [ '/usr/bin/node', '/usr/bin/npm', 'install', '-g', 'yarn' ]
2 info using npm@3.5.2
3 info using node@v8.10.0
4 silly loadCurrentTree Starting
5 silly install loadCurrentTree
6 silly install readGlobalPackageData
7 silly fetchPackageMetaData yarn
8 silly fetchNamedPackageData yarn
9 silly mapToRegistry name yarn
10 silly mapToRegistry using default registry
11 silly mapToRegistry registry https://registry.npmjs.org/
12 silly mapToRegistry uri https://registry.npmjs.org/yarn
13 verbose request uri https://registry.npmjs.org/yarn
14 verbose request no auth needed
15 info attempt registry request try #1 at 12:56:11 PM
16 verbose request id a341a7de7c1fe5ea
17 verbose etag W/"c5b2b2d896361f8d06fbb89b425813a5"
18 verbose lastModified Wed, 27 Mar 2019 00:26:27 GMT
19 http request GET https://registry.npmjs.org/yarn
20 http 200 https://registry.npmjs.org/yarn
21 verbose headers { date: 'Tue, 14 Jan 2020 17:56:12 GMT',
21 verbose headers   'content-type': 'application/json',
21 verbose headers   'transfer-encoding': 'chunked',
21 verbose headers   connection: 'keep-alive',
21 verbose headers   'set-cookie':
21 verbose headers    [ '__cfduid=dbb5c7f03929b81e70998531ac1eda4361579024572; expires=Thu, 13-Feb-20 17:56:12 GMT; path=/; domain=.npmjs.org; HttpOnly; SameSite=Lax' ],
21 verbose headers   'cf-ray': '55517c398ce8b947-MIA',
21 verbose headers   age: '7179',
21 verbose headers   'cache-control': 'public, max-age=300',
21 verbose headers   etag: 'W/"cd7d41eb7f047b972d071e29f8ba2aae"',
21 verbose headers   'last-modified': 'Wed, 11 Dec 2019 13:12:53 GMT',
21 verbose headers   vary: 'accept-encoding, accept',
21 verbose headers   'cf-cache-status': 'HIT',
21 verbose headers   'expect-ct': 'max-age=604800, report-uri="https://report-uri.cloudflare.com/cdn-cgi/beacon/expect-ct"',
21 verbose headers   server: 'cloudflare',
21 verbose headers   'content-encoding': 'gzip' }
22 silly get cb [ 200,
22 silly get   { date: 'Tue, 14 Jan 2020 17:56:12 GMT',
22 silly get     'content-type': 'application/json',
22 silly get     'transfer-encoding': 'chunked',
22 silly get     connection: 'keep-alive',
22 silly get     'set-cookie':
22 silly get      [ '__cfduid=dbb5c7f03929b81e70998531ac1eda4361579024572; expires=Thu, 13-Feb-20 17:56:12 GMT; path=/; domain=.npmjs.org; HttpOnly; SameSite=Lax' ],
22 silly get     'cf-ray': '55517c398ce8b947-MIA',
22 silly get     age: '7179',
22 silly get     'cache-control': 'public, max-age=300',
22 silly get     etag: 'W/"cd7d41eb7f047b972d071e29f8ba2aae"',
22 silly get     'last-modified': 'Wed, 11 Dec 2019 13:12:53 GMT',
22 silly get     vary: 'accept-encoding, accept',
22 silly get     'cf-cache-status': 'HIT',
22 silly get     'expect-ct': 'max-age=604800, report-uri="https://report-uri.cloudflare.com/cdn-cgi/beacon/expect-ct"',
22 silly get     server: 'cloudflare',
22 silly get     'content-encoding': 'gzip' } ]
23 verbose get saving yarn to /home/hpistor/.npm/registry.npmjs.org/yarn/.cache.json
24 silly install normalizeTree
25 silly loadCurrentTree Finishing
26 silly loadIdealTree Starting
27 silly install loadIdealTree
28 silly cloneCurrentTree Starting
29 silly install cloneCurrentTreeToIdealTree
30 silly cloneCurrentTree Finishing
31 silly loadShrinkwrap Starting
32 silly install loadShrinkwrap
33 silly loadShrinkwrap Finishing
34 silly loadAllDepsIntoIdealTree Starting
35 silly install loadAllDepsIntoIdealTree
36 silly resolveWithNewModule yarn@1.21.1 checking installable status
37 silly cache add args [ 'yarn', null ]
38 verbose cache add spec yarn
39 silly cache add parsed spec Result {
39 silly cache add   raw: 'yarn',
39 silly cache add   scope: null,
39 silly cache add   name: 'yarn',
39 silly cache add   rawSpec: '',
39 silly cache add   spec: 'latest',
39 silly cache add   type: 'tag' }
40 silly addNamed yarn@latest
41 verbose addNamed "latest" is being treated as a dist-tag for yarn
42 info addNameTag [ 'yarn', 'latest' ]
43 silly mapToRegistry name yarn
44 silly mapToRegistry using default registry
45 silly mapToRegistry registry https://registry.npmjs.org/
46 silly mapToRegistry uri https://registry.npmjs.org/yarn
47 verbose addNameTag registry:https://registry.npmjs.org/yarn not in flight; fetching
48 verbose get https://registry.npmjs.org/yarn not expired, no request
49 silly addNameTag next cb for yarn with tag latest
50 silly addNamed yarn@1.21.1
51 verbose addNamed "1.21.1" is a plain semver version for yarn
52 silly mapToRegistry name yarn
53 silly mapToRegistry using default registry
54 silly mapToRegistry registry https://registry.npmjs.org/
55 silly mapToRegistry uri https://registry.npmjs.org/yarn
56 verbose addRemoteTarball https://registry.npmjs.org/yarn/-/yarn-1.21.1.tgz not in flight; adding
57 verbose addRemoteTarball [ 'https://registry.npmjs.org/yarn/-/yarn-1.21.1.tgz',
57 verbose addRemoteTarball   '1d5da01a9a03492dc4a5957befc1fd12da83d89c' ]
58 info retry fetch attempt 1 at 12:56:12 PM
59 info attempt registry request try #1 at 12:56:12 PM
60 http fetch GET https://registry.npmjs.org/yarn/-/yarn-1.21.1.tgz
61 http fetch 200 https://registry.npmjs.org/yarn/-/yarn-1.21.1.tgz
62 silly fetchAndShaCheck shasum 1d5da01a9a03492dc4a5957befc1fd12da83d89c
63 verbose addTmpTarball /tmp/npm-2522-d162c791/registry.npmjs.org/yarn/-/yarn-1.21.1.tgz not in flight; adding
64 verbose addTmpTarball already have metadata; skipping unpack for yarn@1.21.1
65 silly cache afterAdd yarn@1.21.1
66 verbose afterAdd /home/hpistor/.npm/yarn/1.21.1/package/package.json not in flight; writing
67 verbose afterAdd /home/hpistor/.npm/yarn/1.21.1/package/package.json written
68 silly loadAllDepsIntoIdealTree Finishing
69 silly idealTree:prePrune lib
69 silly idealTree:prePrune └── yarn@1.21.1
70 silly loadIdealTree Finishing
71 silly currentTree lib
71 silly currentTree └── yarn@1.15.2
72 silly idealTree lib
72 silly idealTree └── yarn@1.21.1
73 silly generateActionsToTake Starting
74 silly install generateActionsToTake
75 warn checkPermissions Missing write access to /usr/local/lib/node_modules/yarn
76 warn checkPermissions Missing write access to /usr/local/lib/node_modules
77 silly rollbackFailedOptional Starting
78 silly rollbackFailedOptional Finishing
79 silly runTopLevelLifecycles Starting
80 silly runTopLevelLifecycles Finishing
81 silly install printInstalled
82 verbose stack Error: EACCES: permission denied, access '/usr/local/lib/node_modules/yarn'
83 verbose cwd /home/hpistor/.config/nvim
84 error Linux 4.4.0-17134-Microsoft
85 error argv "/usr/bin/node" "/usr/bin/npm" "install" "-g" "yarn"
86 error node v8.10.0
87 error npm  v3.5.2
88 error path /usr/local/lib/node_modules/yarn
89 error code EACCES
90 error errno -13
91 error syscall access
92 error Error: EACCES: permission denied, access '/usr/local/lib/node_modules/yarn'
92 error  { Error: EACCES: permission denied, access '/usr/local/lib/node_modules/yarn'
92 error   errno: -13,
92 error   code: 'EACCES',
92 error   syscall: 'access',
92 error   path: '/usr/local/lib/node_modules/yarn' }
93 error Please try running this command again as root/Administrator.
94 verbose exit [ -13, true ]
